<?xml version="1.0" encoding="UTF-8"?>
<!-- Generated by org.testng.reporters.JUnitXMLReporter -->
<testsuite ignored="0" hostname="DESKTOP-HNOUVU1" failures="0" tests="10" name="Default test" time="1.102" errors="0" timestamp="2021-12-24T21:28:06 IST">
  <testcase classname="DataDrivenTesting.DemoData" name="m1" time="0.006"/>
  <testcase classname="DataDrivenTesting.DemoData" name="m1" time="0.003"/>
  <testcase classname="DataDrivenTesting.DemoData" name="m1" time="0.003"/>
  <testcase classname="DataDrivenTesting.DemoData" name="m1" time="0.002"/>
  <testcase classname="DataDrivenTesting.DemoData" name="m1" time="0.001"/>
  <testcase classname="DataDrivenTesting.DemoData" name="m1" time="0.007"/>
  <testcase classname="DataDrivenTesting.DemoData" name="m1" time="0.002"/>
  <testcase classname="DataDrivenTesting.DemoData" name="m1" time="0.001"/>
  <testcase classname="DataDrivenTesting.DemoData" name="m1" time="0.002"/>
  <testcase classname="DataDrivenTesting.DemoData" name="m1" time="0.002"/>
</testsuite> <!-- Default test -->
