<?xml version="1.0" encoding="UTF-8"?>
<!-- Generated by org.testng.reporters.JUnitXMLReporter -->
<testsuite ignored="3" hostname="DESKTOP-HNOUVU1" failures="0" tests="9" name="Edge" time="51.797" errors="0" timestamp="2021-12-24T11:05:30 IST">
  <testcase classname="Testing.C" name="m2" time="0.001"/>
  <testcase classname="Testing.C" name="m3" time="0.001"/>
  <testcase classname="Testing.C" name="m4" time="0.001"/>
  <testcase classname="Testing.B" name="m2" time="0.001"/>
  <testcase classname="Testing.B" name="m3" time="0.001"/>
  <testcase classname="Testing.B" name="m4" time="0.0"/>
  <testcase classname="Testing.A" name="m2" time="1.284"/>
  <testcase classname="Testing.A" name="m3" time="0.002"/>
  <testcase classname="Testing.A" name="m4" time="0.0"/>
  <testcase classname="Testing.A" name="m1" time="0.0">
    <ignored/>
  </testcase> <!-- m1 -->
  <testcase classname="Testing.C" name="m1" time="0.0">
    <ignored/>
  </testcase> <!-- m1 -->
  <testcase classname="Testing.B" name="m1" time="0.0">
    <ignored/>
  </testcase> <!-- m1 -->
</testsuite> <!-- Edge -->
