<?xml version="1.0" encoding="UTF-8"?>
<!-- Generated by org.testng.reporters.JUnitXMLReporter -->
<testsuite ignored="3" hostname="DESKTOP-HNOUVU1" failures="0" tests="9" name="firefox" time="3.136" errors="0" timestamp="2021-12-24T11:04:42 IST">
  <testcase classname="Testing.BaseFramework" name="@BeforeMethod openbrowser" time="1.724">
    <failure type="org.openqa.selenium.SessionNotCreatedException" message="Could not start a new session. Possible causes are invalid address of the remote server or browser start-up failure.">
      <![CDATA[org.openqa.selenium.SessionNotCreatedException: Could not start a new session. Possible causes are invalid address of the remote server or browser start-up failure.
at org.openqa.selenium.remote.RemoteWebDriver.execute(RemoteWebDriver.java:577)
at org.openqa.selenium.remote.RemoteWebDriver.startSession(RemoteWebDriver.java:246)
at org.openqa.selenium.remote.RemoteWebDriver.<init>(RemoteWebDriver.java:168)
at org.openqa.selenium.firefox.FirefoxDriver.<init>(FirefoxDriver.java:198)
at org.openqa.selenium.firefox.FirefoxDriver.<init>(FirefoxDriver.java:186)
at org.openqa.selenium.firefox.FirefoxDriver.<init>(FirefoxDriver.java:164)
at Testing.BaseFramework.openbrowser(BaseFramework.java:29)
at java.base/java.util.ArrayList.forEach(ArrayList.java:1511)
at java.base/java.util.concurrent.FutureTask.run(FutureTask.java:264)
at java.base/java.util.concurrent.ThreadPoolExecutor.runWorker(ThreadPoolExecutor.java:1130)
at java.base/java.util.concurrent.ThreadPoolExecutor$Worker.run(ThreadPoolExecutor.java:630)
at java.base/java.lang.Thread.run(Thread.java:831)
Caused by: org.openqa.selenium.WebDriverException: Driver server process died prematurely.
Build info: version: '4.0.0', revision: '3a21814679'
System info: host: 'DESKTOP-HNOUVU1', ip: '192.168.0.103', os.name: 'Windows 10', os.arch: 'amd64', os.version: '10.0', java.version: '16.0.1'
Driver info: driver.version: FirefoxDriver
at org.openqa.selenium.remote.service.DriverService.start(DriverService.java:223)
at org.openqa.selenium.remote.service.DriverCommandExecutor.execute(DriverCommandExecutor.java:95)
at org.openqa.selenium.remote.RemoteWebDriver.execute(RemoteWebDriver.java:559)
... 33 more
... Removed 22 stack frames]]>
    </failure>
  </testcase> <!-- @BeforeMethod openbrowser -->
  <testcase classname="Testing.BaseFramework" name="@AfterMethod close" time="-1.640324080975E9">
    <skipped/>
  </testcase> <!-- @AfterMethod close -->
  <testcase classname="Testing.BaseFramework" name="@BeforeMethod openbrowser" time="-1.64032408098E9">
    <skipped/>
  </testcase> <!-- @BeforeMethod openbrowser -->
  <testcase classname="Testing.BaseFramework" name="@AfterMethod close" time="-1.640324081007E9">
    <skipped/>
  </testcase> <!-- @AfterMethod close -->
  <testcase classname="Testing.BaseFramework" name="@BeforeMethod openbrowser" time="-1.640324081036E9">
    <skipped/>
  </testcase> <!-- @BeforeMethod openbrowser -->
  <testcase classname="Testing.BaseFramework" name="@AfterMethod close" time="-1.640324081079E9">
    <skipped/>
  </testcase> <!-- @AfterMethod close -->
  <testcase classname="Testing.BaseFramework" name="@BeforeMethod openbrowser" time="0.618">
    <failure type="org.openqa.selenium.SessionNotCreatedException" message="Could not start a new session. Possible causes are invalid address of the remote server or browser start-up failure.">
      <![CDATA[org.openqa.selenium.SessionNotCreatedException: Could not start a new session. Possible causes are invalid address of the remote server or browser start-up failure.
at org.openqa.selenium.remote.RemoteWebDriver.execute(RemoteWebDriver.java:577)
at org.openqa.selenium.remote.RemoteWebDriver.startSession(RemoteWebDriver.java:246)
at org.openqa.selenium.remote.RemoteWebDriver.<init>(RemoteWebDriver.java:168)
at org.openqa.selenium.firefox.FirefoxDriver.<init>(FirefoxDriver.java:198)
at org.openqa.selenium.firefox.FirefoxDriver.<init>(FirefoxDriver.java:186)
at org.openqa.selenium.firefox.FirefoxDriver.<init>(FirefoxDriver.java:164)
at Testing.BaseFramework.openbrowser(BaseFramework.java:29)
at java.base/java.util.ArrayList.forEach(ArrayList.java:1511)
at java.base/java.util.concurrent.FutureTask.run(FutureTask.java:264)
at java.base/java.util.concurrent.ThreadPoolExecutor.runWorker(ThreadPoolExecutor.java:1130)
at java.base/java.util.concurrent.ThreadPoolExecutor$Worker.run(ThreadPoolExecutor.java:630)
at java.base/java.lang.Thread.run(Thread.java:831)
Caused by: org.openqa.selenium.WebDriverException: Driver server process died prematurely.
Build info: version: '4.0.0', revision: '3a21814679'
System info: host: 'DESKTOP-HNOUVU1', ip: '192.168.0.103', os.name: 'Windows 10', os.arch: 'amd64', os.version: '10.0', java.version: '16.0.1'
Driver info: driver.version: FirefoxDriver
at org.openqa.selenium.remote.service.DriverService.start(DriverService.java:223)
at org.openqa.selenium.remote.service.DriverCommandExecutor.execute(DriverCommandExecutor.java:95)
at org.openqa.selenium.remote.RemoteWebDriver.execute(RemoteWebDriver.java:559)
... 33 more
... Removed 22 stack frames]]>
    </failure>
  </testcase> <!-- @BeforeMethod openbrowser -->
  <testcase classname="Testing.BaseFramework" name="@AfterMethod close" time="-1.640324081718E9">
    <skipped/>
  </testcase> <!-- @AfterMethod close -->
  <testcase classname="Testing.BaseFramework" name="@BeforeMethod openbrowser" time="-1.64032408172E9">
    <skipped/>
  </testcase> <!-- @BeforeMethod openbrowser -->
  <testcase classname="Testing.BaseFramework" name="@AfterMethod close" time="-1.640324081726E9">
    <skipped/>
  </testcase> <!-- @AfterMethod close -->
  <testcase classname="Testing.BaseFramework" name="@BeforeMethod openbrowser" time="-1.640324081729E9">
    <skipped/>
  </testcase> <!-- @BeforeMethod openbrowser -->
  <testcase classname="Testing.BaseFramework" name="@AfterMethod close" time="-1.640324081736E9">
    <skipped/>
  </testcase> <!-- @AfterMethod close -->
  <testcase classname="Testing.BaseFramework" name="@BeforeMethod openbrowser" time="0.539">
    <failure type="org.openqa.selenium.SessionNotCreatedException" message="Could not start a new session. Possible causes are invalid address of the remote server or browser start-up failure.">
      <![CDATA[org.openqa.selenium.SessionNotCreatedException: Could not start a new session. Possible causes are invalid address of the remote server or browser start-up failure.
at org.openqa.selenium.remote.RemoteWebDriver.execute(RemoteWebDriver.java:577)
at org.openqa.selenium.remote.RemoteWebDriver.startSession(RemoteWebDriver.java:246)
at org.openqa.selenium.remote.RemoteWebDriver.<init>(RemoteWebDriver.java:168)
at org.openqa.selenium.firefox.FirefoxDriver.<init>(FirefoxDriver.java:198)
at org.openqa.selenium.firefox.FirefoxDriver.<init>(FirefoxDriver.java:186)
at org.openqa.selenium.firefox.FirefoxDriver.<init>(FirefoxDriver.java:164)
at Testing.BaseFramework.openbrowser(BaseFramework.java:29)
at java.base/java.util.ArrayList.forEach(ArrayList.java:1511)
at java.base/java.util.concurrent.FutureTask.run(FutureTask.java:264)
at java.base/java.util.concurrent.ThreadPoolExecutor.runWorker(ThreadPoolExecutor.java:1130)
at java.base/java.util.concurrent.ThreadPoolExecutor$Worker.run(ThreadPoolExecutor.java:630)
at java.base/java.lang.Thread.run(Thread.java:831)
Caused by: org.openqa.selenium.WebDriverException: Driver server process died prematurely.
Build info: version: '4.0.0', revision: '3a21814679'
System info: host: 'DESKTOP-HNOUVU1', ip: '192.168.0.103', os.name: 'Windows 10', os.arch: 'amd64', os.version: '10.0', java.version: '16.0.1'
Driver info: driver.version: FirefoxDriver
at org.openqa.selenium.remote.service.DriverService.start(DriverService.java:223)
at org.openqa.selenium.remote.service.DriverCommandExecutor.execute(DriverCommandExecutor.java:95)
at org.openqa.selenium.remote.RemoteWebDriver.execute(RemoteWebDriver.java:559)
... 33 more
... Removed 22 stack frames]]>
    </failure>
  </testcase> <!-- @BeforeMethod openbrowser -->
  <testcase classname="Testing.BaseFramework" name="@AfterMethod close" time="-1.640324082286E9">
    <skipped/>
  </testcase> <!-- @AfterMethod close -->
  <testcase classname="Testing.BaseFramework" name="@BeforeMethod openbrowser" time="-1.640324082287E9">
    <skipped/>
  </testcase> <!-- @BeforeMethod openbrowser -->
  <testcase classname="Testing.BaseFramework" name="@AfterMethod close" time="-1.640324082292E9">
    <skipped/>
  </testcase> <!-- @AfterMethod close -->
  <testcase classname="Testing.BaseFramework" name="@BeforeMethod openbrowser" time="-1.640324082296E9">
    <skipped/>
  </testcase> <!-- @BeforeMethod openbrowser -->
  <testcase classname="Testing.BaseFramework" name="@AfterMethod close" time="-1.6403240823E9">
    <skipped/>
  </testcase> <!-- @AfterMethod close -->
  <testcase classname="Testing.C" name="m2" time="0.0">
    <skipped/>
  </testcase> <!-- m2 -->
  <testcase classname="Testing.C" name="m3" time="0.0">
    <skipped/>
  </testcase> <!-- m3 -->
  <testcase classname="Testing.C" name="m4" time="0.0">
    <skipped/>
  </testcase> <!-- m4 -->
  <testcase classname="Testing.B" name="m2" time="0.0">
    <skipped/>
  </testcase> <!-- m2 -->
  <testcase classname="Testing.B" name="m3" time="0.0">
    <skipped/>
  </testcase> <!-- m3 -->
  <testcase classname="Testing.B" name="m4" time="0.0">
    <skipped/>
  </testcase> <!-- m4 -->
  <testcase classname="Testing.A" name="m2" time="0.0">
    <skipped/>
  </testcase> <!-- m2 -->
  <testcase classname="Testing.A" name="m3" time="0.0">
    <skipped/>
  </testcase> <!-- m3 -->
  <testcase classname="Testing.A" name="m4" time="0.0">
    <skipped/>
  </testcase> <!-- m4 -->
  <testcase classname="Testing.A" name="m1" time="0.0">
    <ignored/>
  </testcase> <!-- m1 -->
  <testcase classname="Testing.C" name="m1" time="0.0">
    <ignored/>
  </testcase> <!-- m1 -->
  <testcase classname="Testing.B" name="m1" time="0.0">
    <ignored/>
  </testcase> <!-- m1 -->
</testsuite> <!-- firefox -->
